<?xml version="1.0" encoding="UTF-8"?>
<!-- Generated by org.testng.reporters.JUnitReportReporter -->
<testsuite skipped="0" hostname="codemaxpc01-desktop" name="databaseconnection.ABC" tests="1" failures="0" timestamp="11 Mar 2019 11:19:11 GMT" time="0.294" errors="0">
  <testcase name="init" time="0.294" classname="databaseconnection.ABC"/>
</testsuite> <!-- databaseconnection.ABC -->
